"2019-04-08 14:10:54 [main] INFO  c.c.kafka.PaymentEventProducer - Starting PaymentEventProducer v0.0.1-SNAPSHOT on ALPESHs-MacBook-Pro.local with PID 71446 (/Users/alpeshpatel/workspace/spark/kafka-payment-event-producer/target/kafka-producer-payment-event-0.0.1-SNAPSHOT.jar started by alpeshpatel in /Users/alpeshpatel/workspace/spark/kafka-payment-event-producer)
""2019-04-08 14:10:54 [main] DEBUG c.c.kafka.PaymentEventProducer - Running with Spring Boot v2.2.0.M1, Spring v5.1.5.RELEASE
""2019-04-08 14:10:54 [main] INFO  c.c.kafka.PaymentEventProducer - No active profile set, falling back to default profiles: default
""2019-04-08 14:10:55 [main] INFO  o.s.c.s.PostProcessorRegistrationDelegate$BeanPostProcessorChecker - Bean 'org.springframework.kafka.annotation.KafkaBootstrapConfiguration' of type [org.springframework.kafka.annotation.KafkaBootstrapConfiguration$$EnhancerBySpringCGLIB$$4a80d891] is not eligible for getting processed by all BeanPostProcessors (for example: not eligible for auto-proxying)
""2019-04-08 14:10:56 [main] INFO  c.c.kafka.PaymentEventProducer - Started PaymentEventProducer in 16.741 seconds (JVM running for 17.339)
""2019-04-08 14:10:56 [main] INFO  o.a.k.c.producer.ProducerConfig - ProducerConfig values: 
	acks = 1
	batch.size = 16384
	bootstrap.servers = [localhost:9092]
	buffer.memory = 33554432
	client.dns.lookup = default
	client.id = 
	compression.type = none
	connections.max.idle.ms = 540000
	delivery.timeout.ms = 120000
	enable.idempotence = false
	interceptor.classes = []
	key.serializer = class org.apache.kafka.common.serialization.StringSerializer
	linger.ms = 0
	max.block.ms = 60000
	max.in.flight.requests.per.connection = 5
	max.request.size = 1048576
	metadata.max.age.ms = 300000
	metric.reporters = []
	metrics.num.samples = 2
	metrics.recording.level = INFO
	metrics.sample.window.ms = 30000
	partitioner.class = class org.apache.kafka.clients.producer.internals.DefaultPartitioner
	receive.buffer.bytes = 32768
	reconnect.backoff.max.ms = 1000
	reconnect.backoff.ms = 50
	request.timeout.ms = 30000
	retries = 2147483647
	retry.backoff.ms = 100
	sasl.client.callback.handler.class = null
	sasl.jaas.config = null
	sasl.kerberos.kinit.cmd = /usr/bin/kinit
	sasl.kerberos.min.time.before.relogin = 60000
	sasl.kerberos.service.name = null
	sasl.kerberos.ticket.renew.jitter = 0.05
	sasl.kerberos.ticket.renew.window.factor = 0.8
	sasl.login.callback.handler.class = null
	sasl.login.class = null
	sasl.login.refresh.buffer.seconds = 300
	sasl.login.refresh.min.period.seconds = 60
	sasl.login.refresh.window.factor = 0.8
	sasl.login.refresh.window.jitter = 0.05
	sasl.mechanism = GSSAPI
	security.protocol = PLAINTEXT
	send.buffer.bytes = 131072
	ssl.cipher.suites = null
	ssl.enabled.protocols = [TLSv1.2, TLSv1.1, TLSv1]
	ssl.endpoint.identification.algorithm = https
	ssl.key.password = null
	ssl.keymanager.algorithm = SunX509
	ssl.keystore.location = null
	ssl.keystore.password = null
	ssl.keystore.type = JKS
	ssl.protocol = TLS
	ssl.provider = null
	ssl.secure.random.implementation = null
	ssl.trustmanager.algorithm = PKIX
	ssl.truststore.location = null
	ssl.truststore.password = null
	ssl.truststore.type = JKS
	transaction.timeout.ms = 60000
	transactional.id = null
	value.serializer = class org.apache.kafka.common.serialization.StringSerializer

""2019-04-08 14:10:56 [main] INFO  o.a.kafka.common.utils.AppInfoParser - Kafka version : 2.1.1
""2019-04-08 14:10:56 [main] INFO  o.a.kafka.common.utils.AppInfoParser - Kafka commitId : 21234bee31165527
""2019-04-08 14:10:56 [kafka-producer-network-thread | producer-1] INFO  org.apache.kafka.clients.Metadata - Cluster ID: 3963AvhcTiSb59RaQ9P7Xg
""2019-04-08 14:15:43 [Thread-2] INFO  o.a.k.clients.producer.KafkaProducer - [Producer clientId=producer-1] Closing the Kafka producer with timeoutMillis = 30000 ms.
""2019-04-08 14:17:28 [main] INFO  c.c.kafka.PaymentEventProducer - Starting PaymentEventProducer v0.0.1-SNAPSHOT on ALPESHs-MacBook-Pro.local with PID 12494 (/Users/alpeshpatel/workspace/spark/kafka-payment-event-producer/target/kafka-producer-payment-event-0.0.1-SNAPSHOT.jar started by alpeshpatel in /Users/alpeshpatel/workspace/spark/kafka-payment-event-producer)
""2019-04-08 14:17:28 [main] DEBUG c.c.kafka.PaymentEventProducer - Running with Spring Boot v2.2.0.M1, Spring v5.1.5.RELEASE
""2019-04-08 14:17:28 [main] INFO  c.c.kafka.PaymentEventProducer - No active profile set, falling back to default profiles: default
""2019-04-08 14:17:29 [main] INFO  o.s.c.s.PostProcessorRegistrationDelegate$BeanPostProcessorChecker - Bean 'org.springframework.kafka.annotation.KafkaBootstrapConfiguration' of type [org.springframework.kafka.annotation.KafkaBootstrapConfiguration$$EnhancerBySpringCGLIB$$90b8c079] is not eligible for getting processed by all BeanPostProcessors (for example: not eligible for auto-proxying)
""2019-04-08 14:17:30 [main] INFO  c.c.kafka.PaymentEventProducer - Started PaymentEventProducer in 16.601 seconds (JVM running for 17.107)
""2019-04-08 14:17:30 [main] INFO  o.a.k.c.producer.ProducerConfig - ProducerConfig values: 
	acks = 1
	batch.size = 16384
	bootstrap.servers = [localhost:9092]
	buffer.memory = 33554432
	client.dns.lookup = default
	client.id = 
	compression.type = none
	connections.max.idle.ms = 540000
	delivery.timeout.ms = 120000
	enable.idempotence = false
	interceptor.classes = []
	key.serializer = class org.apache.kafka.common.serialization.StringSerializer
	linger.ms = 0
	max.block.ms = 60000
	max.in.flight.requests.per.connection = 5
	max.request.size = 1048576
	metadata.max.age.ms = 300000
	metric.reporters = []
	metrics.num.samples = 2
	metrics.recording.level = INFO
	metrics.sample.window.ms = 30000
	partitioner.class = class org.apache.kafka.clients.producer.internals.DefaultPartitioner
	receive.buffer.bytes = 32768
	reconnect.backoff.max.ms = 1000
	reconnect.backoff.ms = 50
	request.timeout.ms = 30000
	retries = 2147483647
	retry.backoff.ms = 100
	sasl.client.callback.handler.class = null
	sasl.jaas.config = null
	sasl.kerberos.kinit.cmd = /usr/bin/kinit
	sasl.kerberos.min.time.before.relogin = 60000
	sasl.kerberos.service.name = null
	sasl.kerberos.ticket.renew.jitter = 0.05
	sasl.kerberos.ticket.renew.window.factor = 0.8
	sasl.login.callback.handler.class = null
	sasl.login.class = null
	sasl.login.refresh.buffer.seconds = 300
	sasl.login.refresh.min.period.seconds = 60
	sasl.login.refresh.window.factor = 0.8
	sasl.login.refresh.window.jitter = 0.05
	sasl.mechanism = GSSAPI
	security.protocol = PLAINTEXT
	send.buffer.bytes = 131072
	ssl.cipher.suites = null
	ssl.enabled.protocols = [TLSv1.2, TLSv1.1, TLSv1]
	ssl.endpoint.identification.algorithm = https
	ssl.key.password = null
	ssl.keymanager.algorithm = SunX509
	ssl.keystore.location = null
	ssl.keystore.password = null
	ssl.keystore.type = JKS
	ssl.protocol = TLS
	ssl.provider = null
	ssl.secure.random.implementation = null
	ssl.trustmanager.algorithm = PKIX
	ssl.truststore.location = null
	ssl.truststore.password = null
	ssl.truststore.type = JKS
	transaction.timeout.ms = 60000
	transactional.id = null
	value.serializer = class org.apache.kafka.common.serialization.StringSerializer

""2019-04-08 14:17:30 [main] INFO  o.a.kafka.common.utils.AppInfoParser - Kafka version : 2.1.1
""2019-04-08 14:17:30 [main] INFO  o.a.kafka.common.utils.AppInfoParser - Kafka commitId : 21234bee31165527
""2019-04-08 14:17:30 [kafka-producer-network-thread | producer-1] INFO  org.apache.kafka.clients.Metadata - Cluster ID: 3963AvhcTiSb59RaQ9P7Xg
""2019-04-08 14:37:32 [Thread-2] INFO  o.a.k.clients.producer.KafkaProducer - [Producer clientId=producer-1] Closing the Kafka producer with timeoutMillis = 30000 ms.
"